12-May-2024 09:07:58.932 信息 [main] org.apache.catalina.startup.VersionLoggerListener.log Server.服务器版本: Apache Tomcat/9.0.89
12-May-2024 09:07:58.936 信息 [main] org.apache.catalina.startup.VersionLoggerListener.log 服务器构建:        May 3 2024 20:22:11 UTC
12-May-2024 09:07:58.937 信息 [main] org.apache.catalina.startup.VersionLoggerListener.log 服务器版本号:      9.0.89.0
12-May-2024 09:07:58.937 信息 [main] org.apache.catalina.startup.VersionLoggerListener.log 操作系统名称:      Windows 11
12-May-2024 09:07:58.937 信息 [main] org.apache.catalina.startup.VersionLoggerListener.log OS.版本:           10.0
12-May-2024 09:07:58.937 信息 [main] org.apache.catalina.startup.VersionLoggerListener.log 架构:              amd64
12-May-2024 09:07:58.937 信息 [main] org.apache.catalina.startup.VersionLoggerListener.log Java 环境变量:     E:\environment\java\jdk1.8\jdk1.8\jre
12-May-2024 09:07:58.937 信息 [main] org.apache.catalina.startup.VersionLoggerListener.log Java虚拟机版本:    1.8.0_371-b11
12-May-2024 09:07:58.937 信息 [main] org.apache.catalina.startup.VersionLoggerListener.log JVM.供应商:        Oracle Corporation
12-May-2024 09:07:58.938 信息 [main] org.apache.catalina.startup.VersionLoggerListener.log CATALINA_BASE:     E:\project\java\FlowAble\tomcat\apache-tomcat-9.0.89-windows-x64\apache-tomcat-9.0.89
12-May-2024 09:07:58.938 信息 [main] org.apache.catalina.startup.VersionLoggerListener.log CATALINA_HOME:     E:\project\java\FlowAble\tomcat\apache-tomcat-9.0.89-windows-x64\apache-tomcat-9.0.89
12-May-2024 09:07:58.941 信息 [main] org.apache.catalina.startup.VersionLoggerListener.log 命令行参数：       -Djava.util.logging.config.file=E:\project\java\FlowAble\tomcat\apache-tomcat-9.0.89-windows-x64\apache-tomcat-9.0.89\conf\logging.properties
12-May-2024 09:07:58.941 信息 [main] org.apache.catalina.startup.VersionLoggerListener.log 命令行参数：       -Djava.util.logging.manager=org.apache.juli.ClassLoaderLogManager
12-May-2024 09:07:58.941 信息 [main] org.apache.catalina.startup.VersionLoggerListener.log 命令行参数：       -Djdk.tls.ephemeralDHKeySize=2048
12-May-2024 09:07:58.941 信息 [main] org.apache.catalina.startup.VersionLoggerListener.log 命令行参数：       -Djava.protocol.handler.pkgs=org.apache.catalina.webresources
12-May-2024 09:07:58.941 信息 [main] org.apache.catalina.startup.VersionLoggerListener.log 命令行参数：       -Dignore.endorsed.dirs=
12-May-2024 09:07:58.943 信息 [main] org.apache.catalina.startup.VersionLoggerListener.log 命令行参数：       -Dcatalina.base=E:\project\java\FlowAble\tomcat\apache-tomcat-9.0.89-windows-x64\apache-tomcat-9.0.89
12-May-2024 09:07:58.943 信息 [main] org.apache.catalina.startup.VersionLoggerListener.log 命令行参数：       -Dcatalina.home=E:\project\java\FlowAble\tomcat\apache-tomcat-9.0.89-windows-x64\apache-tomcat-9.0.89
12-May-2024 09:07:58.943 信息 [main] org.apache.catalina.startup.VersionLoggerListener.log 命令行参数：       -Djava.io.tmpdir=E:\project\java\FlowAble\tomcat\apache-tomcat-9.0.89-windows-x64\apache-tomcat-9.0.89\temp
12-May-2024 09:07:58.945 信息 [main] org.apache.catalina.core.AprLifecycleListener.lifecycleEvent 使用APR版本[1.7.4]加载了基于APR的Apache Tomcat本机库[1.3.0]。
12-May-2024 09:07:58.945 信息 [main] org.apache.catalina.core.AprLifecycleListener.lifecycleEvent APR功能：IPv6[true]、sendfile[true]、accept filters[false]、random[true]、UDS [true]。
12-May-2024 09:07:58.945 信息 [main] org.apache.catalina.core.AprLifecycleListener.lifecycleEvent APR/OpenSSL配置：useAprConnector[false]，useOpenSSL[true]
12-May-2024 09:07:58.974 信息 [main] org.apache.catalina.core.AprLifecycleListener.initializeSSL OpenSSL成功初始化 [OpenSSL 3.0.13 30 Jan 2024]
12-May-2024 09:07:59.377 信息 [main] org.apache.coyote.AbstractProtocol.init 初始化协议处理器 ["http-nio-8080"]
12-May-2024 09:07:59.398 信息 [main] org.apache.catalina.startup.Catalina.load 服务器在[663]毫秒内初始化
12-May-2024 09:07:59.438 信息 [main] org.apache.catalina.core.StandardService.startInternal 正在启动服务[Catalina]
12-May-2024 09:07:59.438 信息 [main] org.apache.catalina.core.StandardEngine.startInternal 正在启动 Servlet 引擎：[Apache Tomcat/9.0.89]
12-May-2024 09:07:59.458 信息 [main] org.apache.catalina.startup.HostConfig.deployWAR 正在部署web应用程序存档文件[E:\project\java\FlowAble\tomcat\apache-tomcat-9.0.89-windows-x64\apache-tomcat-9.0.89\webapps\flowable-ui.war]
12-May-2024 09:08:09.749 信息 [main] org.apache.jasper.servlet.TldScanner.scanJars 至少有一个JAR被扫描用于TLD但尚未包含TLD。 为此记录器启用调试日志记录，以获取已扫描但未在其中找到TLD的完整JAR列表。 在扫描期间跳过不需要的JAR可以缩短启动时间和JSP编译时间。
12-May-2024 09:08:36.141 信息 [main] liquibase.database.null Set default schema name to PUBLIC
12-May-2024 09:08:36.824 信息 [main] liquibase.lockservice.null Successfully acquired change log lock
12-May-2024 09:08:40.279 信息 [main] liquibase.changelog.null Reading from PUBLIC.FLW_EV_DATABASECHANGELOG
12-May-2024 09:08:41.089 信息 [main] liquibase.lockservice.null Successfully released change log lock
12-May-2024 09:08:41.316 信息 [main] liquibase.database.null Set default schema name to PUBLIC
12-May-2024 09:08:41.332 信息 [main] liquibase.lockservice.null Successfully acquired change log lock
12-May-2024 09:08:42.248 信息 [main] liquibase.changelog.null Reading from PUBLIC.ACT_DMN_DATABASECHANGELOG
12-May-2024 09:08:42.272 信息 [main] liquibase.lockservice.null Successfully released change log lock
12-May-2024 09:08:42.330 信息 [main] liquibase.database.null Set default schema name to PUBLIC
12-May-2024 09:08:42.339 信息 [main] liquibase.lockservice.null Successfully acquired change log lock
12-May-2024 09:08:42.975 信息 [main] liquibase.changelog.null Reading from PUBLIC.ACT_FO_DATABASECHANGELOG
12-May-2024 09:08:42.983 信息 [main] liquibase.lockservice.null Successfully released change log lock
12-May-2024 09:08:44.052 信息 [main] liquibase.database.null Set default schema name to PUBLIC
12-May-2024 09:08:44.062 信息 [main] liquibase.lockservice.null Successfully acquired change log lock
12-May-2024 09:08:44.643 信息 [main] liquibase.changelog.null Reading from PUBLIC.ACT_CO_DATABASECHANGELOG
12-May-2024 09:08:44.651 信息 [main] liquibase.lockservice.null Successfully released change log lock
12-May-2024 09:08:44.860 信息 [main] liquibase.database.null Set default schema name to PUBLIC
12-May-2024 09:08:44.863 信息 [main] liquibase.lockservice.null Successfully acquired change log lock
12-May-2024 09:08:45.346 信息 [main] liquibase.changelog.null Reading from PUBLIC.ACT_CMMN_DATABASECHANGELOG
12-May-2024 09:08:45.374 信息 [main] liquibase.lockservice.null Successfully released change log lock
12-May-2024 09:08:45.395 信息 [main] liquibase.database.null Set default schema name to PUBLIC
12-May-2024 09:08:45.399 信息 [main] liquibase.lockservice.null Successfully acquired change log lock
12-May-2024 09:08:45.843 信息 [main] liquibase.changelog.null Reading from PUBLIC.ACT_APP_DATABASECHANGELOG
12-May-2024 09:08:45.851 信息 [main] liquibase.lockservice.null Successfully released change log lock
12-May-2024 09:08:50.227 信息 [main] liquibase.database.null Set default schema name to PUBLIC
12-May-2024 09:08:50.237 信息 [main] liquibase.lockservice.null Successfully acquired change log lock
12-May-2024 09:08:51.136 信息 [main] liquibase.changelog.null Reading from PUBLIC.ACT_ADM_DATABASECHANGELOG
12-May-2024 09:08:51.146 信息 [main] liquibase.lockservice.null Successfully released change log lock
12-May-2024 09:08:51.848 信息 [main] liquibase.database.null Set default schema name to PUBLIC
12-May-2024 09:08:51.854 信息 [main] liquibase.lockservice.null Successfully acquired change log lock
12-May-2024 09:08:52.306 信息 [main] liquibase.changelog.null Reading from PUBLIC.ACT_DE_DATABASECHANGELOG
12-May-2024 09:08:52.311 信息 [main] liquibase.lockservice.null Successfully released change log lock
12-May-2024 09:08:58.254 信息 [main] org.apache.catalina.startup.HostConfig.deployWAR web应用程序存档文件[E:\project\java\FlowAble\tomcat\apache-tomcat-9.0.89-windows-x64\apache-tomcat-9.0.89\webapps\flowable-ui.war]的部署已在[58,796]ms内完成
12-May-2024 09:08:58.257 信息 [main] org.apache.catalina.startup.HostConfig.deployDirectory 把web 应用程序部署到目录 [E:\project\java\FlowAble\tomcat\apache-tomcat-9.0.89-windows-x64\apache-tomcat-9.0.89\webapps\docs]
12-May-2024 09:08:58.307 信息 [main] org.apache.catalina.startup.HostConfig.deployDirectory Web应用程序目录[E:\project\java\FlowAble\tomcat\apache-tomcat-9.0.89-windows-x64\apache-tomcat-9.0.89\webapps\docs]的部署已在[50]毫秒内完成
12-May-2024 09:08:58.307 信息 [main] org.apache.catalina.startup.HostConfig.deployDirectory 把web 应用程序部署到目录 [E:\project\java\FlowAble\tomcat\apache-tomcat-9.0.89-windows-x64\apache-tomcat-9.0.89\webapps\examples]
12-May-2024 09:08:58.863 信息 [main] org.apache.catalina.startup.HostConfig.deployDirectory Web应用程序目录[E:\project\java\FlowAble\tomcat\apache-tomcat-9.0.89-windows-x64\apache-tomcat-9.0.89\webapps\examples]的部署已在[556]毫秒内完成
12-May-2024 09:08:58.869 信息 [main] org.apache.catalina.startup.HostConfig.deployDirectory 把web 应用程序部署到目录 [E:\project\java\FlowAble\tomcat\apache-tomcat-9.0.89-windows-x64\apache-tomcat-9.0.89\webapps\host-manager]
12-May-2024 09:08:58.931 信息 [main] org.apache.catalina.startup.HostConfig.deployDirectory Web应用程序目录[E:\project\java\FlowAble\tomcat\apache-tomcat-9.0.89-windows-x64\apache-tomcat-9.0.89\webapps\host-manager]的部署已在[63]毫秒内完成
12-May-2024 09:08:58.937 信息 [main] org.apache.catalina.startup.HostConfig.deployDirectory 把web 应用程序部署到目录 [E:\project\java\FlowAble\tomcat\apache-tomcat-9.0.89-windows-x64\apache-tomcat-9.0.89\webapps\manager]
12-May-2024 09:08:58.995 信息 [main] org.apache.catalina.startup.HostConfig.deployDirectory Web应用程序目录[E:\project\java\FlowAble\tomcat\apache-tomcat-9.0.89-windows-x64\apache-tomcat-9.0.89\webapps\manager]的部署已在[61]毫秒内完成
12-May-2024 09:08:59.000 信息 [main] org.apache.catalina.startup.HostConfig.deployDirectory 把web 应用程序部署到目录 [E:\project\java\FlowAble\tomcat\apache-tomcat-9.0.89-windows-x64\apache-tomcat-9.0.89\webapps\ROOT]
12-May-2024 09:08:59.056 信息 [main] org.apache.catalina.startup.HostConfig.deployDirectory Web应用程序目录[E:\project\java\FlowAble\tomcat\apache-tomcat-9.0.89-windows-x64\apache-tomcat-9.0.89\webapps\ROOT]的部署已在[56]毫秒内完成
12-May-2024 09:08:59.077 信息 [main] org.apache.coyote.AbstractProtocol.start 开始协议处理句柄["http-nio-8080"]
12-May-2024 09:08:59.136 信息 [main] org.apache.catalina.startup.Catalina.start [59734]毫秒后服务器启动
