11-May-2024 11:40:18.987 信息 [main] org.apache.catalina.startup.VersionLoggerListener.log Server.服务器版本: Apache Tomcat/9.0.89
11-May-2024 11:40:18.993 信息 [main] org.apache.catalina.startup.VersionLoggerListener.log 服务器构建:        May 3 2024 20:22:11 UTC
11-May-2024 11:40:18.993 信息 [main] org.apache.catalina.startup.VersionLoggerListener.log 服务器版本号:      9.0.89.0
11-May-2024 11:40:18.994 信息 [main] org.apache.catalina.startup.VersionLoggerListener.log 操作系统名称:      Windows 11
11-May-2024 11:40:18.994 信息 [main] org.apache.catalina.startup.VersionLoggerListener.log OS.版本:           10.0
11-May-2024 11:40:18.994 信息 [main] org.apache.catalina.startup.VersionLoggerListener.log 架构:              amd64
11-May-2024 11:40:18.994 信息 [main] org.apache.catalina.startup.VersionLoggerListener.log Java 环境变量:     E:\environment\java\jdk1.8\jdk1.8\jre
11-May-2024 11:40:18.994 信息 [main] org.apache.catalina.startup.VersionLoggerListener.log Java虚拟机版本:    1.8.0_371-b11
11-May-2024 11:40:18.995 信息 [main] org.apache.catalina.startup.VersionLoggerListener.log JVM.供应商:        Oracle Corporation
11-May-2024 11:40:18.995 信息 [main] org.apache.catalina.startup.VersionLoggerListener.log CATALINA_BASE:     E:\project\java\FlowAble\tomcat\apache-tomcat-9.0.89-windows-x64\apache-tomcat-9.0.89
11-May-2024 11:40:18.995 信息 [main] org.apache.catalina.startup.VersionLoggerListener.log CATALINA_HOME:     E:\project\java\FlowAble\tomcat\apache-tomcat-9.0.89-windows-x64\apache-tomcat-9.0.89
11-May-2024 11:40:19.022 信息 [main] org.apache.catalina.startup.VersionLoggerListener.log 命令行参数：       -Djava.util.logging.config.file=E:\project\java\FlowAble\tomcat\apache-tomcat-9.0.89-windows-x64\apache-tomcat-9.0.89\conf\logging.properties
11-May-2024 11:40:19.022 信息 [main] org.apache.catalina.startup.VersionLoggerListener.log 命令行参数：       -Djava.util.logging.manager=org.apache.juli.ClassLoaderLogManager
11-May-2024 11:40:19.023 信息 [main] org.apache.catalina.startup.VersionLoggerListener.log 命令行参数：       -Djdk.tls.ephemeralDHKeySize=2048
11-May-2024 11:40:19.023 信息 [main] org.apache.catalina.startup.VersionLoggerListener.log 命令行参数：       -Djava.protocol.handler.pkgs=org.apache.catalina.webresources
11-May-2024 11:40:19.023 信息 [main] org.apache.catalina.startup.VersionLoggerListener.log 命令行参数：       -Dignore.endorsed.dirs=
11-May-2024 11:40:19.023 信息 [main] org.apache.catalina.startup.VersionLoggerListener.log 命令行参数：       -Dcatalina.base=E:\project\java\FlowAble\tomcat\apache-tomcat-9.0.89-windows-x64\apache-tomcat-9.0.89
11-May-2024 11:40:19.023 信息 [main] org.apache.catalina.startup.VersionLoggerListener.log 命令行参数：       -Dcatalina.home=E:\project\java\FlowAble\tomcat\apache-tomcat-9.0.89-windows-x64\apache-tomcat-9.0.89
11-May-2024 11:40:19.023 信息 [main] org.apache.catalina.startup.VersionLoggerListener.log 命令行参数：       -Djava.io.tmpdir=E:\project\java\FlowAble\tomcat\apache-tomcat-9.0.89-windows-x64\apache-tomcat-9.0.89\temp
11-May-2024 11:40:19.163 信息 [main] org.apache.catalina.core.AprLifecycleListener.lifecycleEvent 使用APR版本[1.7.4]加载了基于APR的Apache Tomcat本机库[1.3.0]。
11-May-2024 11:40:19.163 信息 [main] org.apache.catalina.core.AprLifecycleListener.lifecycleEvent APR功能：IPv6[true]、sendfile[true]、accept filters[false]、random[true]、UDS [true]。
11-May-2024 11:40:19.164 信息 [main] org.apache.catalina.core.AprLifecycleListener.lifecycleEvent APR/OpenSSL配置：useAprConnector[false]，useOpenSSL[true]
11-May-2024 11:40:19.172 信息 [main] org.apache.catalina.core.AprLifecycleListener.initializeSSL OpenSSL成功初始化 [OpenSSL 3.0.13 30 Jan 2024]
11-May-2024 11:40:19.620 信息 [main] org.apache.coyote.AbstractProtocol.init 初始化协议处理器 ["http-nio-8080"]
11-May-2024 11:40:19.650 信息 [main] org.apache.catalina.startup.Catalina.load 服务器在[907]毫秒内初始化
11-May-2024 11:40:19.708 信息 [main] org.apache.catalina.core.StandardService.startInternal 正在启动服务[Catalina]
11-May-2024 11:40:19.709 信息 [main] org.apache.catalina.core.StandardEngine.startInternal 正在启动 Servlet 引擎：[Apache Tomcat/9.0.89]
11-May-2024 11:40:19.738 信息 [main] org.apache.catalina.startup.HostConfig.deployWAR 正在部署web应用程序存档文件[E:\project\java\FlowAble\tomcat\apache-tomcat-9.0.89-windows-x64\apache-tomcat-9.0.89\webapps\flowable-ui.war]
11-May-2024 11:40:35.585 信息 [main] org.apache.jasper.servlet.TldScanner.scanJars 至少有一个JAR被扫描用于TLD但尚未包含TLD。 为此记录器启用调试日志记录，以获取已扫描但未在其中找到TLD的完整JAR列表。 在扫描期间跳过不需要的JAR可以缩短启动时间和JSP编译时间。
11-May-2024 11:40:53.542 信息 [main] liquibase.database.null Set default schema name to PUBLIC
11-May-2024 11:40:53.909 信息 [main] liquibase.lockservice.null Successfully acquired change log lock
11-May-2024 11:40:55.137 信息 [main] liquibase.changelog.null Reading from PUBLIC.FLW_EV_DATABASECHANGELOG
11-May-2024 11:40:55.297 信息 [main] liquibase.lockservice.null Successfully released change log lock
11-May-2024 11:40:55.362 信息 [main] liquibase.database.null Set default schema name to PUBLIC
11-May-2024 11:40:55.367 信息 [main] liquibase.lockservice.null Successfully acquired change log lock
11-May-2024 11:40:55.767 信息 [main] liquibase.changelog.null Reading from PUBLIC.ACT_DMN_DATABASECHANGELOG
11-May-2024 11:40:55.781 信息 [main] liquibase.lockservice.null Successfully released change log lock
11-May-2024 11:40:55.808 信息 [main] liquibase.database.null Set default schema name to PUBLIC
11-May-2024 11:40:55.813 信息 [main] liquibase.lockservice.null Successfully acquired change log lock
11-May-2024 11:40:56.178 信息 [main] liquibase.changelog.null Reading from PUBLIC.ACT_FO_DATABASECHANGELOG
11-May-2024 11:40:56.184 信息 [main] liquibase.lockservice.null Successfully released change log lock
11-May-2024 11:40:56.944 信息 [main] liquibase.database.null Set default schema name to PUBLIC
11-May-2024 11:40:56.947 信息 [main] liquibase.lockservice.null Successfully acquired change log lock
11-May-2024 11:40:57.278 信息 [main] liquibase.changelog.null Reading from PUBLIC.ACT_CO_DATABASECHANGELOG
11-May-2024 11:40:57.283 信息 [main] liquibase.lockservice.null Successfully released change log lock
11-May-2024 11:40:57.428 信息 [main] liquibase.database.null Set default schema name to PUBLIC
11-May-2024 11:40:57.431 信息 [main] liquibase.lockservice.null Successfully acquired change log lock
11-May-2024 11:40:57.795 信息 [main] liquibase.changelog.null Reading from PUBLIC.ACT_CMMN_DATABASECHANGELOG
11-May-2024 11:40:57.817 信息 [main] liquibase.lockservice.null Successfully released change log lock
11-May-2024 11:40:57.831 信息 [main] liquibase.database.null Set default schema name to PUBLIC
11-May-2024 11:40:57.835 信息 [main] liquibase.lockservice.null Successfully acquired change log lock
11-May-2024 11:40:58.206 信息 [main] liquibase.changelog.null Reading from PUBLIC.ACT_APP_DATABASECHANGELOG
11-May-2024 11:40:58.210 信息 [main] liquibase.lockservice.null Successfully released change log lock
11-May-2024 11:41:00.255 信息 [main] liquibase.database.null Set default schema name to PUBLIC
11-May-2024 11:41:00.258 信息 [main] liquibase.lockservice.null Successfully acquired change log lock
11-May-2024 11:41:00.610 信息 [main] liquibase.changelog.null Reading from PUBLIC.ACT_ADM_DATABASECHANGELOG
11-May-2024 11:41:00.613 信息 [main] liquibase.lockservice.null Successfully released change log lock
11-May-2024 11:41:01.024 信息 [main] liquibase.database.null Set default schema name to PUBLIC
11-May-2024 11:41:01.027 信息 [main] liquibase.lockservice.null Successfully acquired change log lock
11-May-2024 11:41:01.353 信息 [main] liquibase.changelog.null Reading from PUBLIC.ACT_DE_DATABASECHANGELOG
11-May-2024 11:41:01.357 信息 [main] liquibase.lockservice.null Successfully released change log lock
11-May-2024 11:41:02.911 信息 [main] org.apache.catalina.startup.HostConfig.deployDirectory 把web 应用程序部署到目录 [E:\project\java\FlowAble\tomcat\apache-tomcat-9.0.89-windows-x64\apache-tomcat-9.0.89\webapps\docs]
11-May-2024 16:55:01.704 信息 [Thread-10] org.apache.coyote.AbstractProtocol.pause 暂停ProtocolHandler["http-nio-8080"]
11-May-2024 16:55:02.431 信息 [Thread-10] org.apache.catalina.core.StandardService.stopInternal 正在停止服务[Catalina]
11-May-2024 16:55:02.988 警告 [Thread-10] liquibase.database.null Failed to restore the auto commit to true
11-May-2024 16:55:03.012 警告 [Thread-10] liquibase.database.null Failed to restore the auto commit to true
11-May-2024 16:55:03.180 警告 [Thread-10] org.apache.catalina.loader.WebappClassLoaderBase.clearReferencesThreads Web应用程序[flowable-ui]似乎启动了一个名为[H2 File Lock Watchdog C:/Users/ACER/flowable-db/engine-db.lock.db]的线程，但未能停止它。这很可能会造成内存泄漏。线程的堆栈跟踪：[
 java.lang.Thread.sleep(Native Method)
 org.h2.store.FileLock.run(FileLock.java:485)
 java.lang.Thread.run(Thread.java:750)]
11-May-2024 16:55:03.180 警告 [Thread-10] org.apache.catalina.loader.WebappClassLoaderBase.clearReferencesThreads Web应用程序[flowable-ui]似乎启动了一个名为[H2 TCP Server (tcp://172.18.1.88:9093)]的线程，但未能停止它。这很可能会造成内存泄漏。线程的堆栈跟踪：[
 java.net.DualStackPlainSocketImpl.accept0(Native Method)
 java.net.DualStackPlainSocketImpl.socketAccept(DualStackPlainSocketImpl.java:127)
 java.net.AbstractPlainSocketImpl.accept(AbstractPlainSocketImpl.java:535)
 java.net.PlainSocketImpl.accept(PlainSocketImpl.java:189)
 java.net.ServerSocket.implAccept(ServerSocket.java:545)
 java.net.ServerSocket.accept(ServerSocket.java:513)
 org.h2.server.TcpServer.listen(TcpServer.java:263)
 org.h2.tools.Server.run(Server.java:610)
 java.lang.Thread.run(Thread.java:750)]
11-May-2024 16:55:03.184 警告 [Thread-10] org.apache.catalina.loader.WebappClassLoaderBase.clearReferencesThreads Web应用程序[flowable-ui]似乎启动了一个名为[MVStore background writer nio:C:/Users/ACER/flowable-db/engine-db.mv.db]的线程，但未能停止它。这很可能会造成内存泄漏。线程的堆栈跟踪：[
 java.lang.Object.wait(Native Method)
 org.h2.mvstore.MVStore$BackgroundWriterThread.run(MVStore.java:3283)]
11-May-2024 16:55:03.188 严重 [Thread-10] org.apache.catalina.loader.WebappClassLoaderBase.checkThreadLocalMapForLeaks web应用程序[flowable-ui]创建了一个ThreadLocal，其键类型为[java.lang.ThreadLocal]（值为[java.lang.ThreadLocal@4376bde3]），值类型为[org.springframework.security.core.context.SecurityContextImpl]（值为[SecurityContextImpl [Null authentication]），但在停止web应用程序时未能将其删除。线程将随着时间的推移而更新，以尝试避免可能的内存泄漏
11-May-2024 16:55:03.348 信息 [Thread-10] org.apache.coyote.AbstractProtocol.stop 正在停止ProtocolHandler ["http-nio-8080"]
11-May-2024 16:55:03.364 信息 [Thread-10] org.apache.coyote.AbstractProtocol.destroy 正在摧毁协议处理器 ["http-nio-8080"]
11-May-2024 16:56:38.956 信息 [main] org.apache.catalina.startup.VersionLoggerListener.log Server.服务器版本: Apache Tomcat/9.0.89
11-May-2024 16:56:38.986 信息 [main] org.apache.catalina.startup.VersionLoggerListener.log 服务器构建:        May 3 2024 20:22:11 UTC
11-May-2024 16:56:38.986 信息 [main] org.apache.catalina.startup.VersionLoggerListener.log 服务器版本号:      9.0.89.0
11-May-2024 16:56:38.986 信息 [main] org.apache.catalina.startup.VersionLoggerListener.log 操作系统名称:      Windows 11
11-May-2024 16:56:38.986 信息 [main] org.apache.catalina.startup.VersionLoggerListener.log OS.版本:           10.0
11-May-2024 16:56:38.986 信息 [main] org.apache.catalina.startup.VersionLoggerListener.log 架构:              amd64
11-May-2024 16:56:38.986 信息 [main] org.apache.catalina.startup.VersionLoggerListener.log Java 环境变量:     E:\environment\java\jdk1.8\jdk1.8\jre
11-May-2024 16:56:38.986 信息 [main] org.apache.catalina.startup.VersionLoggerListener.log Java虚拟机版本:    1.8.0_371-b11
11-May-2024 16:56:38.986 信息 [main] org.apache.catalina.startup.VersionLoggerListener.log JVM.供应商:        Oracle Corporation
11-May-2024 16:56:38.986 信息 [main] org.apache.catalina.startup.VersionLoggerListener.log CATALINA_BASE:     E:\project\java\FlowAble\tomcat\apache-tomcat-9.0.89-windows-x64\apache-tomcat-9.0.89
11-May-2024 16:56:38.986 信息 [main] org.apache.catalina.startup.VersionLoggerListener.log CATALINA_HOME:     E:\project\java\FlowAble\tomcat\apache-tomcat-9.0.89-windows-x64\apache-tomcat-9.0.89
11-May-2024 16:56:39.014 信息 [main] org.apache.catalina.startup.VersionLoggerListener.log 命令行参数：       -Djava.util.logging.config.file=E:\project\java\FlowAble\tomcat\apache-tomcat-9.0.89-windows-x64\apache-tomcat-9.0.89\conf\logging.properties
11-May-2024 16:56:39.018 信息 [main] org.apache.catalina.startup.VersionLoggerListener.log 命令行参数：       -Djava.util.logging.manager=org.apache.juli.ClassLoaderLogManager
11-May-2024 16:56:39.018 信息 [main] org.apache.catalina.startup.VersionLoggerListener.log 命令行参数：       -Djdk.tls.ephemeralDHKeySize=2048
11-May-2024 16:56:39.018 信息 [main] org.apache.catalina.startup.VersionLoggerListener.log 命令行参数：       -Djava.protocol.handler.pkgs=org.apache.catalina.webresources
11-May-2024 16:56:39.018 信息 [main] org.apache.catalina.startup.VersionLoggerListener.log 命令行参数：       -Dignore.endorsed.dirs=
11-May-2024 16:56:39.018 信息 [main] org.apache.catalina.startup.VersionLoggerListener.log 命令行参数：       -Dcatalina.base=E:\project\java\FlowAble\tomcat\apache-tomcat-9.0.89-windows-x64\apache-tomcat-9.0.89
11-May-2024 16:56:39.018 信息 [main] org.apache.catalina.startup.VersionLoggerListener.log 命令行参数：       -Dcatalina.home=E:\project\java\FlowAble\tomcat\apache-tomcat-9.0.89-windows-x64\apache-tomcat-9.0.89
11-May-2024 16:56:39.018 信息 [main] org.apache.catalina.startup.VersionLoggerListener.log 命令行参数：       -Djava.io.tmpdir=E:\project\java\FlowAble\tomcat\apache-tomcat-9.0.89-windows-x64\apache-tomcat-9.0.89\temp
11-May-2024 16:56:39.066 信息 [main] org.apache.catalina.core.AprLifecycleListener.lifecycleEvent 使用APR版本[1.7.4]加载了基于APR的Apache Tomcat本机库[1.3.0]。
11-May-2024 16:56:39.066 信息 [main] org.apache.catalina.core.AprLifecycleListener.lifecycleEvent APR功能：IPv6[true]、sendfile[true]、accept filters[false]、random[true]、UDS [true]。
11-May-2024 16:56:39.066 信息 [main] org.apache.catalina.core.AprLifecycleListener.lifecycleEvent APR/OpenSSL配置：useAprConnector[false]，useOpenSSL[true]
11-May-2024 16:56:39.074 信息 [main] org.apache.catalina.core.AprLifecycleListener.initializeSSL OpenSSL成功初始化 [OpenSSL 3.0.13 30 Jan 2024]
11-May-2024 16:56:40.093 信息 [main] org.apache.coyote.AbstractProtocol.init 初始化协议处理器 ["http-nio-8080"]
11-May-2024 16:56:40.114 信息 [main] org.apache.catalina.startup.Catalina.load 服务器在[1389]毫秒内初始化
11-May-2024 16:56:40.150 信息 [main] org.apache.catalina.core.StandardService.startInternal 正在启动服务[Catalina]
11-May-2024 16:56:40.150 信息 [main] org.apache.catalina.core.StandardEngine.startInternal 正在启动 Servlet 引擎：[Apache Tomcat/9.0.89]
11-May-2024 16:56:40.174 信息 [main] org.apache.catalina.startup.HostConfig.deployWAR 正在部署web应用程序存档文件[E:\project\java\FlowAble\tomcat\apache-tomcat-9.0.89-windows-x64\apache-tomcat-9.0.89\webapps\flowable-ui.war]
11-May-2024 16:56:46.842 信息 [main] org.apache.jasper.servlet.TldScanner.scanJars 至少有一个JAR被扫描用于TLD但尚未包含TLD。 为此记录器启用调试日志记录，以获取已扫描但未在其中找到TLD的完整JAR列表。 在扫描期间跳过不需要的JAR可以缩短启动时间和JSP编译时间。
11-May-2024 16:57:07.126 信息 [main] liquibase.database.null Set default schema name to PUBLIC
11-May-2024 16:57:07.388 信息 [main] liquibase.lockservice.null Successfully acquired change log lock
11-May-2024 16:57:08.782 信息 [main] liquibase.changelog.null Reading from PUBLIC.FLW_EV_DATABASECHANGELOG
11-May-2024 16:57:08.959 信息 [main] liquibase.lockservice.null Successfully released change log lock
11-May-2024 16:57:09.027 信息 [main] liquibase.database.null Set default schema name to PUBLIC
11-May-2024 16:57:09.031 信息 [main] liquibase.lockservice.null Successfully acquired change log lock
11-May-2024 16:57:09.553 信息 [main] liquibase.changelog.null Reading from PUBLIC.ACT_DMN_DATABASECHANGELOG
11-May-2024 16:57:09.564 信息 [main] liquibase.lockservice.null Successfully released change log lock
11-May-2024 16:57:09.589 信息 [main] liquibase.database.null Set default schema name to PUBLIC
11-May-2024 16:57:09.594 信息 [main] liquibase.lockservice.null Successfully acquired change log lock
11-May-2024 16:57:10.016 信息 [main] liquibase.changelog.null Reading from PUBLIC.ACT_FO_DATABASECHANGELOG
11-May-2024 16:57:10.023 信息 [main] liquibase.lockservice.null Successfully released change log lock
11-May-2024 16:57:11.245 信息 [main] liquibase.database.null Set default schema name to PUBLIC
11-May-2024 16:57:11.249 信息 [main] liquibase.lockservice.null Successfully acquired change log lock
11-May-2024 16:57:11.659 信息 [main] liquibase.changelog.null Reading from PUBLIC.ACT_CO_DATABASECHANGELOG
11-May-2024 16:57:11.663 信息 [main] liquibase.lockservice.null Successfully released change log lock
11-May-2024 16:57:11.807 信息 [main] liquibase.database.null Set default schema name to PUBLIC
11-May-2024 16:57:11.811 信息 [main] liquibase.lockservice.null Successfully acquired change log lock
11-May-2024 16:57:12.129 信息 [main] liquibase.changelog.null Reading from PUBLIC.ACT_CMMN_DATABASECHANGELOG
11-May-2024 16:57:12.149 信息 [main] liquibase.lockservice.null Successfully released change log lock
11-May-2024 16:57:12.161 信息 [main] liquibase.database.null Set default schema name to PUBLIC
11-May-2024 16:57:12.165 信息 [main] liquibase.lockservice.null Successfully acquired change log lock
11-May-2024 16:57:12.546 信息 [main] liquibase.changelog.null Reading from PUBLIC.ACT_APP_DATABASECHANGELOG
11-May-2024 16:57:12.550 信息 [main] liquibase.lockservice.null Successfully released change log lock
11-May-2024 16:57:14.990 信息 [main] liquibase.database.null Set default schema name to PUBLIC
11-May-2024 16:57:14.994 信息 [main] liquibase.lockservice.null Successfully acquired change log lock
11-May-2024 16:57:15.335 信息 [main] liquibase.changelog.null Reading from PUBLIC.ACT_ADM_DATABASECHANGELOG
11-May-2024 16:57:15.339 信息 [main] liquibase.lockservice.null Successfully released change log lock
11-May-2024 16:57:15.685 信息 [main] liquibase.database.null Set default schema name to PUBLIC
11-May-2024 16:57:15.685 信息 [main] liquibase.lockservice.null Successfully acquired change log lock
11-May-2024 16:57:16.069 信息 [main] liquibase.changelog.null Reading from PUBLIC.ACT_DE_DATABASECHANGELOG
11-May-2024 16:57:16.073 信息 [main] liquibase.lockservice.null Successfully released change log lock
11-May-2024 16:57:17.474 信息 [main] org.apache.catalina.startup.HostConfig.deployWAR web应用程序存档文件[E:\project\java\FlowAble\tomcat\apache-tomcat-9.0.89-windows-x64\apache-tomcat-9.0.89\webapps\flowable-ui.war]的部署已在[37,300]ms内完成
11-May-2024 16:57:17.475 信息 [main] org.apache.catalina.startup.HostConfig.deployDirectory 把web 应用程序部署到目录 [E:\project\java\FlowAble\tomcat\apache-tomcat-9.0.89-windows-x64\apache-tomcat-9.0.89\webapps\docs]
11-May-2024 16:57:17.535 信息 [main] org.apache.catalina.startup.HostConfig.deployDirectory Web应用程序目录[E:\project\java\FlowAble\tomcat\apache-tomcat-9.0.89-windows-x64\apache-tomcat-9.0.89\webapps\docs]的部署已在[60]毫秒内完成
11-May-2024 16:57:17.535 信息 [main] org.apache.catalina.startup.HostConfig.deployDirectory 把web 应用程序部署到目录 [E:\project\java\FlowAble\tomcat\apache-tomcat-9.0.89-windows-x64\apache-tomcat-9.0.89\webapps\examples]
11-May-2024 16:57:19.508 信息 [main] org.apache.catalina.startup.HostConfig.deployDirectory Web应用程序目录[E:\project\java\FlowAble\tomcat\apache-tomcat-9.0.89-windows-x64\apache-tomcat-9.0.89\webapps\examples]的部署已在[1,969]毫秒内完成
11-May-2024 16:57:19.508 信息 [main] org.apache.catalina.startup.HostConfig.deployDirectory 把web 应用程序部署到目录 [E:\project\java\FlowAble\tomcat\apache-tomcat-9.0.89-windows-x64\apache-tomcat-9.0.89\webapps\host-manager]
11-May-2024 16:57:19.549 信息 [main] org.apache.catalina.startup.HostConfig.deployDirectory Web应用程序目录[E:\project\java\FlowAble\tomcat\apache-tomcat-9.0.89-windows-x64\apache-tomcat-9.0.89\webapps\host-manager]的部署已在[41]毫秒内完成
11-May-2024 16:57:19.549 信息 [main] org.apache.catalina.startup.HostConfig.deployDirectory 把web 应用程序部署到目录 [E:\project\java\FlowAble\tomcat\apache-tomcat-9.0.89-windows-x64\apache-tomcat-9.0.89\webapps\manager]
11-May-2024 16:57:19.593 信息 [main] org.apache.catalina.startup.HostConfig.deployDirectory Web应用程序目录[E:\project\java\FlowAble\tomcat\apache-tomcat-9.0.89-windows-x64\apache-tomcat-9.0.89\webapps\manager]的部署已在[44]毫秒内完成
11-May-2024 16:57:19.593 信息 [main] org.apache.catalina.startup.HostConfig.deployDirectory 把web 应用程序部署到目录 [E:\project\java\FlowAble\tomcat\apache-tomcat-9.0.89-windows-x64\apache-tomcat-9.0.89\webapps\ROOT]
11-May-2024 16:57:19.621 信息 [main] org.apache.catalina.startup.HostConfig.deployDirectory Web应用程序目录[E:\project\java\FlowAble\tomcat\apache-tomcat-9.0.89-windows-x64\apache-tomcat-9.0.89\webapps\ROOT]的部署已在[28]毫秒内完成
11-May-2024 16:57:19.629 信息 [main] org.apache.coyote.AbstractProtocol.start 开始协议处理句柄["http-nio-8080"]
11-May-2024 16:57:19.653 信息 [main] org.apache.catalina.startup.Catalina.start [39540]毫秒后服务器启动
11-May-2024 16:58:30.092 信息 [Thread-10] org.apache.coyote.AbstractProtocol.pause 暂停ProtocolHandler["http-nio-8080"]
11-May-2024 16:58:31.068 信息 [Thread-10] org.apache.catalina.core.StandardService.stopInternal 正在停止服务[Catalina]
11-May-2024 16:58:31.102 警告 [Thread-10] liquibase.database.null Failed to restore the auto commit to true
11-May-2024 16:58:31.106 警告 [Thread-10] liquibase.database.null Failed to restore the auto commit to true
11-May-2024 16:58:31.304 警告 [Thread-10] org.apache.catalina.loader.WebappClassLoaderBase.clearReferencesThreads Web应用程序[flowable-ui]似乎启动了一个名为[H2 File Lock Watchdog C:/Users/ACER/flowable-db/engine-db.lock.db]的线程，但未能停止它。这很可能会造成内存泄漏。线程的堆栈跟踪：[
 java.lang.Thread.sleep(Native Method)
 org.h2.store.FileLock.run(FileLock.java:485)
 java.lang.Thread.run(Thread.java:750)]
11-May-2024 16:58:31.305 警告 [Thread-10] org.apache.catalina.loader.WebappClassLoaderBase.clearReferencesThreads Web应用程序[flowable-ui]似乎启动了一个名为[H2 TCP Server (tcp://172.18.1.88:9093)]的线程，但未能停止它。这很可能会造成内存泄漏。线程的堆栈跟踪：[
 java.net.DualStackPlainSocketImpl.accept0(Native Method)
 java.net.DualStackPlainSocketImpl.socketAccept(DualStackPlainSocketImpl.java:127)
 java.net.AbstractPlainSocketImpl.accept(AbstractPlainSocketImpl.java:535)
 java.net.PlainSocketImpl.accept(PlainSocketImpl.java:189)
 java.net.ServerSocket.implAccept(ServerSocket.java:545)
 java.net.ServerSocket.accept(ServerSocket.java:513)
 org.h2.server.TcpServer.listen(TcpServer.java:263)
 org.h2.tools.Server.run(Server.java:610)
 java.lang.Thread.run(Thread.java:750)]
11-May-2024 16:58:31.305 警告 [Thread-10] org.apache.catalina.loader.WebappClassLoaderBase.clearReferencesThreads Web应用程序[flowable-ui]似乎启动了一个名为[MVStore background writer nio:C:/Users/ACER/flowable-db/engine-db.mv.db]的线程，但未能停止它。这很可能会造成内存泄漏。线程的堆栈跟踪：[
 java.lang.Object.wait(Native Method)
 org.h2.mvstore.MVStore$BackgroundWriterThread.run(MVStore.java:3283)]
11-May-2024 16:58:31.306 严重 [Thread-10] org.apache.catalina.loader.WebappClassLoaderBase.checkThreadLocalMapForLeaks web应用程序[flowable-ui]创建了一个ThreadLocal，其键类型为[java.lang.ThreadLocal]（值为[java.lang.ThreadLocal@7a818686]），值类型为[org.springframework.security.core.context.SecurityContextImpl]（值为[SecurityContextImpl [Null authentication]），但在停止web应用程序时未能将其删除。线程将随着时间的推移而更新，以尝试避免可能的内存泄漏
11-May-2024 16:58:31.329 信息 [Thread-10] org.apache.coyote.AbstractProtocol.stop 正在停止ProtocolHandler ["http-nio-8080"]
11-May-2024 16:58:31.337 信息 [Thread-10] org.apache.coyote.AbstractProtocol.destroy 正在摧毁协议处理器 ["http-nio-8080"]
