10-May-2024 10:33:52.852 信息 [main] org.apache.catalina.core.ApplicationContext.log 2 Spring WebApplicationInitializers detected on classpath
10-May-2024 10:34:00.184 信息 [main] org.apache.catalina.core.ApplicationContext.log Initializing Spring embedded WebApplicationContext
10-May-2024 10:34:20.730 信息 [main] org.apache.catalina.core.ApplicationContext.log Initializing Spring DispatcherServlet 'Flowable IDM App Servlet'
10-May-2024 10:34:20.868 信息 [main] org.apache.catalina.core.ApplicationContext.log Initializing Spring DispatcherServlet 'Flowable Admin App'
10-May-2024 10:34:21.182 信息 [main] org.apache.catalina.core.ApplicationContext.log Initializing Spring DispatcherServlet 'Flowable Modeler App Servlet'
10-May-2024 10:34:21.367 信息 [main] org.apache.catalina.core.ApplicationContext.log Initializing Spring DispatcherServlet 'Flowable Modeler App API Servlet'
10-May-2024 10:34:21.441 信息 [main] org.apache.catalina.core.ApplicationContext.log Initializing Spring DispatcherServlet 'Flowable IDM App API Servlet'
10-May-2024 10:34:21.835 信息 [main] org.apache.catalina.core.ApplicationContext.log ContextListener: contextInitialized()
10-May-2024 10:34:21.835 信息 [main] org.apache.catalina.core.ApplicationContext.log SessionListener: contextInitialized()
10-May-2024 10:34:21.837 信息 [main] org.apache.catalina.core.ApplicationContext.log ContextListener: attributeAdded('StockTicker', 'async.Stockticker@4795a246')
10-May-2024 10:36:15.213 信息 [http-nio-8080-exec-7] org.apache.catalina.core.ApplicationContext.log Initializing Spring DispatcherServlet 'dispatcherServlet'
10-May-2024 10:36:53.492 信息 [Thread-10] org.apache.catalina.core.ApplicationContext.log Destroying Spring FrameworkServlet 'Flowable IDM App Servlet'
10-May-2024 10:36:53.492 信息 [Thread-10] org.apache.catalina.core.ApplicationContext.log Destroying Spring FrameworkServlet 'Flowable Admin App'
10-May-2024 10:36:53.492 信息 [Thread-10] org.apache.catalina.core.ApplicationContext.log Destroying Spring FrameworkServlet 'dispatcherServlet'
10-May-2024 10:36:53.492 信息 [Thread-10] org.apache.catalina.core.ApplicationContext.log Destroying Spring FrameworkServlet 'Flowable Modeler App Servlet'
10-May-2024 10:36:53.497 信息 [Thread-10] org.apache.catalina.core.ApplicationContext.log Destroying Spring FrameworkServlet 'Flowable Modeler App API Servlet'
10-May-2024 10:36:53.497 信息 [Thread-10] org.apache.catalina.core.ApplicationContext.log Destroying Spring FrameworkServlet 'Flowable IDM App API Servlet'
10-May-2024 10:36:53.497 信息 [Thread-10] org.apache.catalina.core.ApplicationContext.log Closing Spring root WebApplicationContext
10-May-2024 10:36:53.689 信息 [Thread-10] org.apache.catalina.core.ApplicationContext.log SessionListener: contextDestroyed()
10-May-2024 10:36:53.689 信息 [Thread-10] org.apache.catalina.core.ApplicationContext.log ContextListener: contextDestroyed()
10-May-2024 13:09:56.199 信息 [main] org.apache.catalina.core.ApplicationContext.log 2 Spring WebApplicationInitializers detected on classpath
10-May-2024 13:10:02.891 信息 [main] org.apache.catalina.core.ApplicationContext.log Initializing Spring embedded WebApplicationContext
10-May-2024 13:10:29.073 信息 [main] org.apache.catalina.core.ApplicationContext.log Initializing Spring DispatcherServlet 'Flowable IDM App Servlet'
10-May-2024 13:10:29.238 信息 [main] org.apache.catalina.core.ApplicationContext.log Initializing Spring DispatcherServlet 'Flowable Admin App'
10-May-2024 13:10:29.570 信息 [main] org.apache.catalina.core.ApplicationContext.log Initializing Spring DispatcherServlet 'Flowable Modeler App Servlet'
10-May-2024 13:10:29.776 信息 [main] org.apache.catalina.core.ApplicationContext.log Initializing Spring DispatcherServlet 'Flowable Modeler App API Servlet'
10-May-2024 13:10:29.840 信息 [main] org.apache.catalina.core.ApplicationContext.log Initializing Spring DispatcherServlet 'Flowable IDM App API Servlet'
10-May-2024 13:10:31.874 信息 [main] org.apache.catalina.core.ApplicationContext.log ContextListener: contextInitialized()
10-May-2024 13:10:31.874 信息 [main] org.apache.catalina.core.ApplicationContext.log SessionListener: contextInitialized()
10-May-2024 13:10:31.876 信息 [main] org.apache.catalina.core.ApplicationContext.log ContextListener: attributeAdded('StockTicker', 'async.Stockticker@2b12c9c9')
10-May-2024 13:13:06.914 信息 [http-nio-8080-exec-2] org.apache.catalina.core.ApplicationContext.log Initializing Spring DispatcherServlet 'dispatcherServlet'
10-May-2024 13:33:38.878 信息 [main] org.apache.catalina.core.ApplicationContext.log Destroying Spring FrameworkServlet 'Flowable IDM App Servlet'
10-May-2024 13:33:38.888 信息 [main] org.apache.catalina.core.ApplicationContext.log Destroying Spring FrameworkServlet 'Flowable Admin App'
10-May-2024 13:33:38.890 信息 [main] org.apache.catalina.core.ApplicationContext.log Destroying Spring FrameworkServlet 'dispatcherServlet'
10-May-2024 13:33:38.890 信息 [main] org.apache.catalina.core.ApplicationContext.log Destroying Spring FrameworkServlet 'Flowable Modeler App Servlet'
10-May-2024 13:33:38.890 信息 [main] org.apache.catalina.core.ApplicationContext.log Destroying Spring FrameworkServlet 'Flowable Modeler App API Servlet'
10-May-2024 13:33:38.890 信息 [main] org.apache.catalina.core.ApplicationContext.log Destroying Spring FrameworkServlet 'Flowable IDM App API Servlet'
10-May-2024 13:33:38.892 信息 [main] org.apache.catalina.core.ApplicationContext.log Closing Spring root WebApplicationContext
10-May-2024 13:33:39.132 信息 [main] org.apache.catalina.core.ApplicationContext.log SessionListener: contextDestroyed()
10-May-2024 13:33:39.134 信息 [main] org.apache.catalina.core.ApplicationContext.log ContextListener: contextDestroyed()
10-May-2024 13:34:29.704 信息 [main] org.apache.catalina.core.ApplicationContext.log 2 Spring WebApplicationInitializers detected on classpath
10-May-2024 13:34:36.624 信息 [main] org.apache.catalina.core.ApplicationContext.log Initializing Spring embedded WebApplicationContext
10-May-2024 13:35:04.414 信息 [main] org.apache.catalina.core.ApplicationContext.log Initializing Spring DispatcherServlet 'Flowable IDM App Servlet'
10-May-2024 13:35:04.539 信息 [main] org.apache.catalina.core.ApplicationContext.log Initializing Spring DispatcherServlet 'Flowable Admin App'
10-May-2024 13:35:04.831 信息 [main] org.apache.catalina.core.ApplicationContext.log Initializing Spring DispatcherServlet 'Flowable Modeler App Servlet'
10-May-2024 13:35:05.023 信息 [main] org.apache.catalina.core.ApplicationContext.log Initializing Spring DispatcherServlet 'Flowable Modeler App API Servlet'
10-May-2024 13:35:05.080 信息 [main] org.apache.catalina.core.ApplicationContext.log Initializing Spring DispatcherServlet 'Flowable IDM App API Servlet'
10-May-2024 13:35:05.563 信息 [main] org.apache.catalina.core.ApplicationContext.log ContextListener: contextInitialized()
10-May-2024 13:35:05.563 信息 [main] org.apache.catalina.core.ApplicationContext.log SessionListener: contextInitialized()
10-May-2024 13:35:05.565 信息 [main] org.apache.catalina.core.ApplicationContext.log ContextListener: attributeAdded('StockTicker', 'async.Stockticker@1321faa1')
10-May-2024 13:35:09.738 信息 [http-nio-8080-exec-1] org.apache.catalina.core.ApplicationContext.log Initializing Spring DispatcherServlet 'dispatcherServlet'
10-May-2024 13:49:09.676 信息 [Thread-10] org.apache.catalina.core.ApplicationContext.log Destroying Spring FrameworkServlet 'Flowable IDM App Servlet'
10-May-2024 13:49:09.714 信息 [Thread-10] org.apache.catalina.core.ApplicationContext.log Destroying Spring FrameworkServlet 'Flowable Admin App'
10-May-2024 13:49:09.725 信息 [Thread-10] org.apache.catalina.core.ApplicationContext.log Destroying Spring FrameworkServlet 'dispatcherServlet'
10-May-2024 13:49:09.726 信息 [Thread-10] org.apache.catalina.core.ApplicationContext.log Destroying Spring FrameworkServlet 'Flowable Modeler App Servlet'
10-May-2024 13:49:09.732 信息 [Thread-10] org.apache.catalina.core.ApplicationContext.log Destroying Spring FrameworkServlet 'Flowable Modeler App API Servlet'
10-May-2024 13:49:09.736 信息 [Thread-10] org.apache.catalina.core.ApplicationContext.log Destroying Spring FrameworkServlet 'Flowable IDM App API Servlet'
10-May-2024 13:49:09.744 信息 [Thread-10] org.apache.catalina.core.ApplicationContext.log Closing Spring root WebApplicationContext
10-May-2024 13:49:10.495 信息 [Thread-10] org.apache.catalina.core.ApplicationContext.log SessionListener: contextDestroyed()
10-May-2024 13:49:10.495 信息 [Thread-10] org.apache.catalina.core.ApplicationContext.log ContextListener: contextDestroyed()
